<?xml version="1.0" encoding="UTF-8"?>
<testsuite xmlns:xsi="http://www.w3.org/2001/XMLSchema-instance" xsi:noNamespaceSchemaLocation="https://maven.apache.org/surefire/maven-surefire-plugin/xsd/surefire-test-report-3.0.xsd" version="3.0" name="com.example.Trie.Hybrid.HybridTrieTest" time="0.049" tests="1" errors="0" skipped="0" failures="0">
  <properties>
[...]
</properties>
  <testcase name="testHybridTrieFunctions" classname="com.example.Trie.Hybrid.HybridTrieTest" time="0.028">
    <system-out><![CDATA[Mots restants dans le trie : [bat, cart, car, dog]
]]></system-out>
  </testcase>
</testsuite>