<?xml version="1.0" encoding="UTF-8"?>
<testsuite xmlns:xsi="http://www.w3.org/2001/XMLSchema-instance" xsi:noNamespaceSchemaLocation="https://maven.apache.org/surefire/maven-surefire-plugin/xsd/surefire-test-report-3.0.xsd" version="3.0" name="com.example.Trie.Patricia.PatriciaTrieTest" time="1.146" tests="1" errors="0" skipped="0" failures="0">
  <properties>
[...]
</properties>
  <testcase name="testCountWordsOfPatriciaTrie" classname="com.example.Trie.Patricia.PatriciaTrieTest" time="1.114">
    <system-out><![CDATA[*****************************************************************************************
File : C:\Users\margo\Documents\Dev\Projets\STL-ALGAV\Projet_ALGAV_2024\Code_Projet_ALGAV\src\test\java\com\example\Samples\Shakespeare\1henryiv.txt
La méthode de recherche est bien fonctionnelle, tous les mots de l'arbre ont été trouvés
*****************************************************************************************
File : C:\Users\margo\Documents\Dev\Projets\STL-ALGAV\Projet_ALGAV_2024\Code_Projet_ALGAV\src\test\java\com\example\Samples\Shakespeare\1henryvi.txt
La méthode de recherche est bien fonctionnelle, tous les mots de l'arbre ont été trouvés
*****************************************************************************************
File : C:\Users\margo\Documents\Dev\Projets\STL-ALGAV\Projet_ALGAV_2024\Code_Projet_ALGAV\src\test\java\com\example\Samples\Shakespeare\2henryiv.txt
La méthode de recherche est bien fonctionnelle, tous les mots de l'arbre ont été trouvés
*****************************************************************************************
File : C:\Users\margo\Documents\Dev\Projets\STL-ALGAV\Projet_ALGAV_2024\Code_Projet_ALGAV\src\test\java\com\example\Samples\Shakespeare\2henryvi.txt
La méthode de recherche est bien fonctionnelle, tous les mots de l'arbre ont été trouvés
*****************************************************************************************
File : C:\Users\margo\Documents\Dev\Projets\STL-ALGAV\Projet_ALGAV_2024\Code_Projet_ALGAV\src\test\java\com\example\Samples\Shakespeare\3henryvi.txt
La méthode de recherche est bien fonctionnelle, tous les mots de l'arbre ont été trouvés
*****************************************************************************************
File : C:\Users\margo\Documents\Dev\Projets\STL-ALGAV\Projet_ALGAV_2024\Code_Projet_ALGAV\src\test\java\com\example\Samples\Shakespeare\allswell.txt
La méthode de recherche est bien fonctionnelle, tous les mots de l'arbre ont été trouvés
*****************************************************************************************
File : C:\Users\margo\Documents\Dev\Projets\STL-ALGAV\Projet_ALGAV_2024\Code_Projet_ALGAV\src\test\java\com\example\Samples\Shakespeare\asyoulikeit.txt
La méthode de recherche est bien fonctionnelle, tous les mots de l'arbre ont été trouvés
*****************************************************************************************
File : C:\Users\margo\Documents\Dev\Projets\STL-ALGAV\Projet_ALGAV_2024\Code_Projet_ALGAV\src\test\java\com\example\Samples\Shakespeare\cleopatra.txt
La méthode de recherche est bien fonctionnelle, tous les mots de l'arbre ont été trouvés
*****************************************************************************************
File : C:\Users\margo\Documents\Dev\Projets\STL-ALGAV\Projet_ALGAV_2024\Code_Projet_ALGAV\src\test\java\com\example\Samples\Shakespeare\comedy_errors.txt
La méthode de recherche est bien fonctionnelle, tous les mots de l'arbre ont été trouvés
*****************************************************************************************
File : C:\Users\margo\Documents\Dev\Projets\STL-ALGAV\Projet_ALGAV_2024\Code_Projet_ALGAV\src\test\java\com\example\Samples\Shakespeare\coriolanus.txt
La méthode de recherche est bien fonctionnelle, tous les mots de l'arbre ont été trouvés
*****************************************************************************************
File : C:\Users\margo\Documents\Dev\Projets\STL-ALGAV\Projet_ALGAV_2024\Code_Projet_ALGAV\src\test\java\com\example\Samples\Shakespeare\cymbeline.txt
La méthode de recherche est bien fonctionnelle, tous les mots de l'arbre ont été trouvés
*****************************************************************************************
File : C:\Users\margo\Documents\Dev\Projets\STL-ALGAV\Projet_ALGAV_2024\Code_Projet_ALGAV\src\test\java\com\example\Samples\Shakespeare\hamlet.txt
La méthode de recherche est bien fonctionnelle, tous les mots de l'arbre ont été trouvés
*****************************************************************************************
File : C:\Users\margo\Documents\Dev\Projets\STL-ALGAV\Projet_ALGAV_2024\Code_Projet_ALGAV\src\test\java\com\example\Samples\Shakespeare\henryv.txt
La méthode de recherche est bien fonctionnelle, tous les mots de l'arbre ont été trouvés
*****************************************************************************************
File : C:\Users\margo\Documents\Dev\Projets\STL-ALGAV\Projet_ALGAV_2024\Code_Projet_ALGAV\src\test\java\com\example\Samples\Shakespeare\henryviii.txt
La méthode de recherche est bien fonctionnelle, tous les mots de l'arbre ont été trouvés
*****************************************************************************************
File : C:\Users\margo\Documents\Dev\Projets\STL-ALGAV\Projet_ALGAV_2024\Code_Projet_ALGAV\src\test\java\com\example\Samples\Shakespeare\john.txt
La méthode de recherche est bien fonctionnelle, tous les mots de l'arbre ont été trouvés
*****************************************************************************************
File : C:\Users\margo\Documents\Dev\Projets\STL-ALGAV\Projet_ALGAV_2024\Code_Projet_ALGAV\src\test\java\com\example\Samples\Shakespeare\julius_caesar.txt
La méthode de recherche est bien fonctionnelle, tous les mots de l'arbre ont été trouvés
*****************************************************************************************
File : C:\Users\margo\Documents\Dev\Projets\STL-ALGAV\Projet_ALGAV_2024\Code_Projet_ALGAV\src\test\java\com\example\Samples\Shakespeare\lear.txt
La méthode de recherche est bien fonctionnelle, tous les mots de l'arbre ont été trouvés
*****************************************************************************************
File : C:\Users\margo\Documents\Dev\Projets\STL-ALGAV\Projet_ALGAV_2024\Code_Projet_ALGAV\src\test\java\com\example\Samples\Shakespeare\lll.txt
La méthode de recherche est bien fonctionnelle, tous les mots de l'arbre ont été trouvés
*****************************************************************************************
File : C:\Users\margo\Documents\Dev\Projets\STL-ALGAV\Projet_ALGAV_2024\Code_Projet_ALGAV\src\test\java\com\example\Samples\Shakespeare\macbeth.txt
La méthode de recherche est bien fonctionnelle, tous les mots de l'arbre ont été trouvés
*****************************************************************************************
File : C:\Users\margo\Documents\Dev\Projets\STL-ALGAV\Projet_ALGAV_2024\Code_Projet_ALGAV\src\test\java\com\example\Samples\Shakespeare\measure.txt
La méthode de recherche est bien fonctionnelle, tous les mots de l'arbre ont été trouvés
*****************************************************************************************
File : C:\Users\margo\Documents\Dev\Projets\STL-ALGAV\Projet_ALGAV_2024\Code_Projet_ALGAV\src\test\java\com\example\Samples\Shakespeare\merchant.txt
La méthode de recherche est bien fonctionnelle, tous les mots de l'arbre ont été trouvés
*****************************************************************************************
File : C:\Users\margo\Documents\Dev\Projets\STL-ALGAV\Projet_ALGAV_2024\Code_Projet_ALGAV\src\test\java\com\example\Samples\Shakespeare\merry_wives.txt
La méthode de recherche est bien fonctionnelle, tous les mots de l'arbre ont été trouvés
*****************************************************************************************
File : C:\Users\margo\Documents\Dev\Projets\STL-ALGAV\Projet_ALGAV_2024\Code_Projet_ALGAV\src\test\java\com\example\Samples\Shakespeare\midsummer.txt
La méthode de recherche est bien fonctionnelle, tous les mots de l'arbre ont été trouvés
*****************************************************************************************
File : C:\Users\margo\Documents\Dev\Projets\STL-ALGAV\Projet_ALGAV_2024\Code_Projet_ALGAV\src\test\java\com\example\Samples\Shakespeare\much_ado.txt
La méthode de recherche est bien fonctionnelle, tous les mots de l'arbre ont été trouvés
*****************************************************************************************
File : C:\Users\margo\Documents\Dev\Projets\STL-ALGAV\Projet_ALGAV_2024\Code_Projet_ALGAV\src\test\java\com\example\Samples\Shakespeare\othello.txt
La méthode de recherche est bien fonctionnelle, tous les mots de l'arbre ont été trouvés
*****************************************************************************************
File : C:\Users\margo\Documents\Dev\Projets\STL-ALGAV\Projet_ALGAV_2024\Code_Projet_ALGAV\src\test\java\com\example\Samples\Shakespeare\pericles.txt
La méthode de recherche est bien fonctionnelle, tous les mots de l'arbre ont été trouvés
*****************************************************************************************
File : C:\Users\margo\Documents\Dev\Projets\STL-ALGAV\Projet_ALGAV_2024\Code_Projet_ALGAV\src\test\java\com\example\Samples\Shakespeare\richardii.txt
La méthode de recherche est bien fonctionnelle, tous les mots de l'arbre ont été trouvés
*****************************************************************************************
File : C:\Users\margo\Documents\Dev\Projets\STL-ALGAV\Projet_ALGAV_2024\Code_Projet_ALGAV\src\test\java\com\example\Samples\Shakespeare\richardiii.txt
La méthode de recherche est bien fonctionnelle, tous les mots de l'arbre ont été trouvés
*****************************************************************************************
File : C:\Users\margo\Documents\Dev\Projets\STL-ALGAV\Projet_ALGAV_2024\Code_Projet_ALGAV\src\test\java\com\example\Samples\Shakespeare\romeo_juliet.txt
La méthode de recherche est bien fonctionnelle, tous les mots de l'arbre ont été trouvés
*****************************************************************************************
File : C:\Users\margo\Documents\Dev\Projets\STL-ALGAV\Projet_ALGAV_2024\Code_Projet_ALGAV\src\test\java\com\example\Samples\Shakespeare\taming_shrew.txt
La méthode de recherche est bien fonctionnelle, tous les mots de l'arbre ont été trouvés
*****************************************************************************************
File : C:\Users\margo\Documents\Dev\Projets\STL-ALGAV\Projet_ALGAV_2024\Code_Projet_ALGAV\src\test\java\com\example\Samples\Shakespeare\tempest.txt
La méthode de recherche est bien fonctionnelle, tous les mots de l'arbre ont été trouvés
*****************************************************************************************
File : C:\Users\margo\Documents\Dev\Projets\STL-ALGAV\Projet_ALGAV_2024\Code_Projet_ALGAV\src\test\java\com\example\Samples\Shakespeare\timon.txt
La méthode de recherche est bien fonctionnelle, tous les mots de l'arbre ont été trouvés
*****************************************************************************************
File : C:\Users\margo\Documents\Dev\Projets\STL-ALGAV\Projet_ALGAV_2024\Code_Projet_ALGAV\src\test\java\com\example\Samples\Shakespeare\titus.txt
La méthode de recherche est bien fonctionnelle, tous les mots de l'arbre ont été trouvés
*****************************************************************************************
File : C:\Users\margo\Documents\Dev\Projets\STL-ALGAV\Projet_ALGAV_2024\Code_Projet_ALGAV\src\test\java\com\example\Samples\Shakespeare\troilus_cressida.txt
La méthode de recherche est bien fonctionnelle, tous les mots de l'arbre ont été trouvés
*****************************************************************************************
File : C:\Users\margo\Documents\Dev\Projets\STL-ALGAV\Projet_ALGAV_2024\Code_Projet_ALGAV\src\test\java\com\example\Samples\Shakespeare\twelfth_night.txt
La méthode de recherche est bien fonctionnelle, tous les mots de l'arbre ont été trouvés
*****************************************************************************************
File : C:\Users\margo\Documents\Dev\Projets\STL-ALGAV\Projet_ALGAV_2024\Code_Projet_ALGAV\src\test\java\com\example\Samples\Shakespeare\two_gentlemen.txt
La méthode de recherche est bien fonctionnelle, tous les mots de l'arbre ont été trouvés
*****************************************************************************************
File : C:\Users\margo\Documents\Dev\Projets\STL-ALGAV\Projet_ALGAV_2024\Code_Projet_ALGAV\src\test\java\com\example\Samples\Shakespeare\winters_tale.txt
La méthode de recherche est bien fonctionnelle, tous les mots de l'arbre ont été trouvés
]]></system-out>
  </testcase>
</testsuite>