<?xml version="1.0" encoding="UTF-8"?>
<testsuite xmlns:xsi="http://www.w3.org/2001/XMLSchema-instance" xsi:noNamespaceSchemaLocation="https://maven.apache.org/surefire/maven-surefire-plugin/xsd/surefire-test-report-3.0.xsd" version="3.0" name="com.example.Trie.Patricia.PatriciaTrieTest" time="1.628" tests="1" errors="0" skipped="0" failures="0">
  <properties>
[...]
</properties>
  <testcase name="testCountWordsOfPatriciaTrie" classname="com.example.Trie.Patricia.PatriciaTrieTest" time="1.551">
    <system-out><![CDATA[*****************************************************************************************
File : C:\Users\margo\Documents\Dev\Projets\STL-ALGAV\Projet_ALGAV_2024\Code_Projet_ALGAV\src\test\java\com\example\Samples\Shakespeare\1henryiv.txt
Nb de mots : 3723
La méthode de recherche est bien fonctionnelle, tous les mots de l'arbre ont été trouvés
*****************************************************************************************
File : C:\Users\margo\Documents\Dev\Projets\STL-ALGAV\Projet_ALGAV_2024\Code_Projet_ALGAV\src\test\java\com\example\Samples\Shakespeare\1henryvi.txt
Nb de mots : 3725
La méthode de recherche est bien fonctionnelle, tous les mots de l'arbre ont été trouvés
*****************************************************************************************
File : C:\Users\margo\Documents\Dev\Projets\STL-ALGAV\Projet_ALGAV_2024\Code_Projet_ALGAV\src\test\java\com\example\Samples\Shakespeare\2henryiv.txt
Nb de mots : 3963
La méthode de recherche est bien fonctionnelle, tous les mots de l'arbre ont été trouvés
*****************************************************************************************
File : C:\Users\margo\Documents\Dev\Projets\STL-ALGAV\Projet_ALGAV_2024\Code_Projet_ALGAV\src\test\java\com\example\Samples\Shakespeare\2henryvi.txt
Nb de mots : 3935
La méthode de recherche est bien fonctionnelle, tous les mots de l'arbre ont été trouvés
*****************************************************************************************
File : C:\Users\margo\Documents\Dev\Projets\STL-ALGAV\Projet_ALGAV_2024\Code_Projet_ALGAV\src\test\java\com\example\Samples\Shakespeare\3henryvi.txt
Nb de mots : 3448
La méthode de recherche est bien fonctionnelle, tous les mots de l'arbre ont été trouvés
*****************************************************************************************
File : C:\Users\margo\Documents\Dev\Projets\STL-ALGAV\Projet_ALGAV_2024\Code_Projet_ALGAV\src\test\java\com\example\Samples\Shakespeare\allswell.txt
Nb de mots : 3388
La méthode de recherche est bien fonctionnelle, tous les mots de l'arbre ont été trouvés
*****************************************************************************************
File : C:\Users\margo\Documents\Dev\Projets\STL-ALGAV\Projet_ALGAV_2024\Code_Projet_ALGAV\src\test\java\com\example\Samples\Shakespeare\asyoulikeit.txt
Nb de mots : 3170
La méthode de recherche est bien fonctionnelle, tous les mots de l'arbre ont été trouvés
*****************************************************************************************
File : C:\Users\margo\Documents\Dev\Projets\STL-ALGAV\Projet_ALGAV_2024\Code_Projet_ALGAV\src\test\java\com\example\Samples\Shakespeare\cleopatra.txt
Nb de mots : 3782
La méthode de recherche est bien fonctionnelle, tous les mots de l'arbre ont été trouvés
*****************************************************************************************
File : C:\Users\margo\Documents\Dev\Projets\STL-ALGAV\Projet_ALGAV_2024\Code_Projet_ALGAV\src\test\java\com\example\Samples\Shakespeare\comedy_errors.txt
Nb de mots : 2438
La méthode de recherche est bien fonctionnelle, tous les mots de l'arbre ont été trouvés
*****************************************************************************************
File : C:\Users\margo\Documents\Dev\Projets\STL-ALGAV\Projet_ALGAV_2024\Code_Projet_ALGAV\src\test\java\com\example\Samples\Shakespeare\coriolanus.txt
Nb de mots : 3883
La méthode de recherche est bien fonctionnelle, tous les mots de l'arbre ont été trouvés
*****************************************************************************************
File : C:\Users\margo\Documents\Dev\Projets\STL-ALGAV\Projet_ALGAV_2024\Code_Projet_ALGAV\src\test\java\com\example\Samples\Shakespeare\cymbeline.txt
Nb de mots : 4057
La méthode de recherche est bien fonctionnelle, tous les mots de l'arbre ont été trouvés
*****************************************************************************************
File : C:\Users\margo\Documents\Dev\Projets\STL-ALGAV\Projet_ALGAV_2024\Code_Projet_ALGAV\src\test\java\com\example\Samples\Shakespeare\hamlet.txt
Nb de mots : 4554
La méthode de recherche est bien fonctionnelle, tous les mots de l'arbre ont été trouvés
*****************************************************************************************
File : C:\Users\margo\Documents\Dev\Projets\STL-ALGAV\Projet_ALGAV_2024\Code_Projet_ALGAV\src\test\java\com\example\Samples\Shakespeare\henryv.txt
Nb de mots : 4393
La méthode de recherche est bien fonctionnelle, tous les mots de l'arbre ont été trouvés
*****************************************************************************************
File : C:\Users\margo\Documents\Dev\Projets\STL-ALGAV\Projet_ALGAV_2024\Code_Projet_ALGAV\src\test\java\com\example\Samples\Shakespeare\henryviii.txt
Nb de mots : 3515
La méthode de recherche est bien fonctionnelle, tous les mots de l'arbre ont été trouvés
*****************************************************************************************
File : C:\Users\margo\Documents\Dev\Projets\STL-ALGAV\Projet_ALGAV_2024\Code_Projet_ALGAV\src\test\java\com\example\Samples\Shakespeare\john.txt
Nb de mots : 3437
La méthode de recherche est bien fonctionnelle, tous les mots de l'arbre ont été trouvés
*****************************************************************************************
File : C:\Users\margo\Documents\Dev\Projets\STL-ALGAV\Projet_ALGAV_2024\Code_Projet_ALGAV\src\test\java\com\example\Samples\Shakespeare\julius_caesar.txt
Nb de mots : 2793
La méthode de recherche est bien fonctionnelle, tous les mots de l'arbre ont été trouvés
*****************************************************************************************
File : C:\Users\margo\Documents\Dev\Projets\STL-ALGAV\Projet_ALGAV_2024\Code_Projet_ALGAV\src\test\java\com\example\Samples\Shakespeare\lear.txt
Nb de mots : 4007
La méthode de recherche est bien fonctionnelle, tous les mots de l'arbre ont été trouvés
*****************************************************************************************
File : C:\Users\margo\Documents\Dev\Projets\STL-ALGAV\Projet_ALGAV_2024\Code_Projet_ALGAV\src\test\java\com\example\Samples\Shakespeare\lll.txt
Nb de mots : 3637
La méthode de recherche est bien fonctionnelle, tous les mots de l'arbre ont été trouvés
*****************************************************************************************
File : C:\Users\margo\Documents\Dev\Projets\STL-ALGAV\Projet_ALGAV_2024\Code_Projet_ALGAV\src\test\java\com\example\Samples\Shakespeare\macbeth.txt
Nb de mots : 3204
La méthode de recherche est bien fonctionnelle, tous les mots de l'arbre ont été trouvés
*****************************************************************************************
File : C:\Users\margo\Documents\Dev\Projets\STL-ALGAV\Projet_ALGAV_2024\Code_Projet_ALGAV\src\test\java\com\example\Samples\Shakespeare\measure.txt
Nb de mots : 3229
La méthode de recherche est bien fonctionnelle, tous les mots de l'arbre ont été trouvés
*****************************************************************************************
File : C:\Users\margo\Documents\Dev\Projets\STL-ALGAV\Projet_ALGAV_2024\Code_Projet_ALGAV\src\test\java\com\example\Samples\Shakespeare\merchant.txt
Nb de mots : 3160
La méthode de recherche est bien fonctionnelle, tous les mots de l'arbre ont été trouvés
*****************************************************************************************
File : C:\Users\margo\Documents\Dev\Projets\STL-ALGAV\Projet_ALGAV_2024\Code_Projet_ALGAV\src\test\java\com\example\Samples\Shakespeare\merry_wives.txt
Nb de mots : 3188
La méthode de recherche est bien fonctionnelle, tous les mots de l'arbre ont été trouvés
*****************************************************************************************
File : C:\Users\margo\Documents\Dev\Projets\STL-ALGAV\Projet_ALGAV_2024\Code_Projet_ALGAV\src\test\java\com\example\Samples\Shakespeare\midsummer.txt
Nb de mots : 2914
La méthode de recherche est bien fonctionnelle, tous les mots de l'arbre ont été trouvés
*****************************************************************************************
File : C:\Users\margo\Documents\Dev\Projets\STL-ALGAV\Projet_ALGAV_2024\Code_Projet_ALGAV\src\test\java\com\example\Samples\Shakespeare\much_ado.txt
Nb de mots : 2907
La méthode de recherche est bien fonctionnelle, tous les mots de l'arbre ont été trouvés
*****************************************************************************************
File : C:\Users\margo\Documents\Dev\Projets\STL-ALGAV\Projet_ALGAV_2024\Code_Projet_ALGAV\src\test\java\com\example\Samples\Shakespeare\othello.txt
Nb de mots : 3665
La méthode de recherche est bien fonctionnelle, tous les mots de l'arbre ont été trouvés
*****************************************************************************************
File : C:\Users\margo\Documents\Dev\Projets\STL-ALGAV\Projet_ALGAV_2024\Code_Projet_ALGAV\src\test\java\com\example\Samples\Shakespeare\pericles.txt
Nb de mots : 3144
La méthode de recherche est bien fonctionnelle, tous les mots de l'arbre ont été trouvés
*****************************************************************************************
File : C:\Users\margo\Documents\Dev\Projets\STL-ALGAV\Projet_ALGAV_2024\Code_Projet_ALGAV\src\test\java\com\example\Samples\Shakespeare\richardii.txt
Nb de mots : 3513
La méthode de recherche est bien fonctionnelle, tous les mots de l'arbre ont été trouvés
*****************************************************************************************
File : C:\Users\margo\Documents\Dev\Projets\STL-ALGAV\Projet_ALGAV_2024\Code_Projet_ALGAV\src\test\java\com\example\Samples\Shakespeare\richardiii.txt
Nb de mots : 3896
La méthode de recherche est bien fonctionnelle, tous les mots de l'arbre ont été trouvés
*****************************************************************************************
File : C:\Users\margo\Documents\Dev\Projets\STL-ALGAV\Projet_ALGAV_2024\Code_Projet_ALGAV\src\test\java\com\example\Samples\Shakespeare\romeo_juliet.txt
Nb de mots : 3545
La méthode de recherche est bien fonctionnelle, tous les mots de l'arbre ont été trouvés
*****************************************************************************************
File : C:\Users\margo\Documents\Dev\Projets\STL-ALGAV\Projet_ALGAV_2024\Code_Projet_ALGAV\src\test\java\com\example\Samples\Shakespeare\taming_shrew.txt
Nb de mots : 3149
La méthode de recherche est bien fonctionnelle, tous les mots de l'arbre ont été trouvés
*****************************************************************************************
File : C:\Users\margo\Documents\Dev\Projets\STL-ALGAV\Projet_ALGAV_2024\Code_Projet_ALGAV\src\test\java\com\example\Samples\Shakespeare\tempest.txt
Nb de mots : 3084
La méthode de recherche est bien fonctionnelle, tous les mots de l'arbre ont été trouvés
*****************************************************************************************
File : C:\Users\margo\Documents\Dev\Projets\STL-ALGAV\Projet_ALGAV_2024\Code_Projet_ALGAV\src\test\java\com\example\Samples\Shakespeare\timon.txt
Nb de mots : 3187
La méthode de recherche est bien fonctionnelle, tous les mots de l'arbre ont été trouvés
*****************************************************************************************
File : C:\Users\margo\Documents\Dev\Projets\STL-ALGAV\Projet_ALGAV_2024\Code_Projet_ALGAV\src\test\java\com\example\Samples\Shakespeare\titus.txt
Nb de mots : 3306
La méthode de recherche est bien fonctionnelle, tous les mots de l'arbre ont été trouvés
*****************************************************************************************
File : C:\Users\margo\Documents\Dev\Projets\STL-ALGAV\Projet_ALGAV_2024\Code_Projet_ALGAV\src\test\java\com\example\Samples\Shakespeare\troilus_cressida.txt
Nb de mots : 4119
La méthode de recherche est bien fonctionnelle, tous les mots de l'arbre ont été trouvés
*****************************************************************************************
File : C:\Users\margo\Documents\Dev\Projets\STL-ALGAV\Projet_ALGAV_2024\Code_Projet_ALGAV\src\test\java\com\example\Samples\Shakespeare\twelfth_night.txt
Nb de mots : 3030
La méthode de recherche est bien fonctionnelle, tous les mots de l'arbre ont été trouvés
*****************************************************************************************
File : C:\Users\margo\Documents\Dev\Projets\STL-ALGAV\Projet_ALGAV_2024\Code_Projet_ALGAV\src\test\java\com\example\Samples\Shakespeare\two_gentlemen.txt
Nb de mots : 2638
La méthode de recherche est bien fonctionnelle, tous les mots de l'arbre ont été trouvés
*****************************************************************************************
File : C:\Users\margo\Documents\Dev\Projets\STL-ALGAV\Projet_ALGAV_2024\Code_Projet_ALGAV\src\test\java\com\example\Samples\Shakespeare\winters_tale.txt
Nb de mots : 3714
La méthode de recherche est bien fonctionnelle, tous les mots de l'arbre ont été trouvés
]]></system-out>
  </testcase>
</testsuite>